<?xml version="1.0" encoding="UTF-8"?>
<!-- Generated by org.testng.reporters.JUnitReportReporter -->
<testsuite hostname="Vijay" failures="0" tests="1" name="lammdademo.Launchbrowser" time="1.944" errors="0" timestamp="01 Aug 2023 13:14:13 GMT" skipped="0">
  <testcase classname="lammdademo.Launchbrowser" name="mytest" time="1.944"/>
</testsuite> <!-- lammdademo.Launchbrowser -->
